Using pre-set license
Built from '2020.3/staging' branch; Version is '2020.3.21f1 (a38c86f6690f) revision 10718342'; Using compiler version '192528614'; Build Type 'Release'
OS: 'Windows 10 Home; OS build 22621.819; Version 2009; 64bit' Language: 'en' Physical Memory: 65356 MB
BatchMode: 1, IsHumanControllingUs: 0, StartBugReporterOnCrash: 0, Is64bit: 1, IsPro: 0

COMMAND LINE ARGUMENTS:
C:\Program Files\Unity\Hub\Editor\2020.3.21f1\Editor\Unity.exe
-adb2
-batchMode
-noUpm
-name
AssetImportWorker0
-projectPath
D:/Games/Repos/Github-Game-Off-2022-Cliche/Game Files/IBGWYN
-logFile
Logs/AssetImportWorker0.log
-srvPort
54051
Successfully changed project path to: D:/Games/Repos/Github-Game-Off-2022-Cliche/Game Files/IBGWYN
D:/Games/Repos/Github-Game-Off-2022-Cliche/Game Files/IBGWYN
Using Asset Import Pipeline V2.
Refreshing native plugins compatible for Editor in 94.66 ms, found 3 plugins.
Preloading 0 native plugins for Editor in 0.00 ms.
Initialize engine version: 2020.3.21f1 (a38c86f6690f)
[Subsystems] Discovering subsystems at path C:/Program Files/Unity/Hub/Editor/2020.3.21f1/Editor/Data/Resources/UnitySubsystems
[Subsystems] Discovering subsystems at path D:/Games/Repos/Github-Game-Off-2022-Cliche/Game Files/IBGWYN/Assets
GfxDevice: creating device client; threaded=0
Direct3D:
    Version:  Direct3D 11.0 [level 11.1]
    Renderer: NVIDIA GeForce RTX 2070 (ID=0x1f14)
    Vendor:   
    VRAM:     8031 MB
    Driver:   31.0.15.1694
Initialize mono
Mono path[0] = 'C:/Program Files/Unity/Hub/Editor/2020.3.21f1/Editor/Data/Managed'
Mono path[1] = 'C:/Program Files/Unity/Hub/Editor/2020.3.21f1/Editor/Data/MonoBleedingEdge/lib/mono/unityjit'
Mono config path = 'C:/Program Files/Unity/Hub/Editor/2020.3.21f1/Editor/Data/MonoBleedingEdge/etc'
Using monoOptions --debugger-agent=transport=dt_socket,embedding=1,server=y,suspend=n,address=127.0.0.1:56864
Begin MonoManager ReloadAssembly
Registering precompiled unity dll's ...
Register platform support module: C:/Program Files/Unity/Hub/Editor/2020.3.21f1/Editor/Data/PlaybackEngines/WebGLSupport/UnityEditor.WebGL.Extensions.dll
Register platform support module: C:/Program Files/Unity/Hub/Editor/2020.3.21f1/Editor/Data/PlaybackEngines/MacStandaloneSupport/UnityEditor.OSXStandalone.Extensions.dll
Register platform support module: C:/Program Files/Unity/Hub/Editor/2020.3.21f1/Editor/Data/PlaybackEngines/WindowsStandaloneSupport/UnityEditor.WindowsStandalone.Extensions.dll
Registered in 0.002339 seconds.
Native extension for WindowsStandalone target not found
Native extension for OSXStandalone target not found
Native extension for WebGL target not found
Refreshing native plugins compatible for Editor in 99.46 ms, found 3 plugins.
Preloading 0 native plugins for Editor in 0.00 ms.
Mono: successfully reloaded assembly
- Completed reload, in  2.181 seconds
Domain Reload Profiling:
	ReloadAssembly (2181ms)
		BeginReloadAssembly (54ms)
			ExecutionOrderSort (0ms)
			DisableScriptedObjects (0ms)
			BackupInstance (0ms)
			ReleaseScriptingObjects (0ms)
			CreateAndSetChildDomain (1ms)
		EndReloadAssembly (496ms)
			LoadAssemblies (52ms)
			RebuildTransferFunctionScriptingTraits (0ms)
			SetupTypeCache (173ms)
			ReleaseScriptCaches (0ms)
			RebuildScriptCaches (26ms)
			SetupLoadedEditorAssemblies (213ms)
				LogAssemblyErrors (0ms)
				InitializePlatformSupportModulesInManaged (5ms)
				SetLoadedEditorAssemblies (0ms)
				RefreshPlugins (100ms)
				BeforeProcessingInitializeOnLoad (16ms)
				ProcessInitializeOnLoadAttributes (69ms)
				ProcessInitializeOnLoadMethodAttributes (24ms)
				AfterProcessingInitializeOnLoad (0ms)
				EditorAssembliesLoaded (0ms)
			ExecutionOrderSort2 (0ms)
			AwakeInstancesAfterBackupRestoration (0ms)
Platform modules already initialized, skipping
Registering precompiled user dll's ...
Registered in 0.003898 seconds.
Begin MonoManager ReloadAssembly
Symbol file LoadedFromMemory doesn't match image D:\Games\Repos\Github-Game-Off-2022-Cliche\Game Files\IBGWYN\Library\PackageCache\com.unity.visualscripting@1.7.8\Editor\VisualScripting.Core\Dependencies\YamlDotNet\Unity.VisualScripting.YamlDotNet.dll
Symbol file LoadedFromMemory doesn't match image D:\Games\Repos\Github-Game-Off-2022-Cliche\Game Files\IBGWYN\Library\PackageCache\com.unity.visualscripting@1.7.8\Editor\VisualScripting.Core\Dependencies\DotNetZip\Unity.VisualScripting.IonicZip.dll
Native extension for WindowsStandalone target not found
Native extension for OSXStandalone target not found
Native extension for WebGL target not found
Refreshing native plugins compatible for Editor in 104.52 ms, found 3 plugins.
Preloading 0 native plugins for Editor in 0.00 ms.
Mono: successfully reloaded assembly
- Completed reload, in  1.231 seconds
Domain Reload Profiling:
	ReloadAssembly (1232ms)
		BeginReloadAssembly (141ms)
			ExecutionOrderSort (0ms)
			DisableScriptedObjects (4ms)
			BackupInstance (0ms)
			ReleaseScriptingObjects (0ms)
			CreateAndSetChildDomain (19ms)
		EndReloadAssembly (1036ms)
			LoadAssemblies (95ms)
			RebuildTransferFunctionScriptingTraits (0ms)
			SetupTypeCache (358ms)
			ReleaseScriptCaches (1ms)
			RebuildScriptCaches (52ms)
			SetupLoadedEditorAssemblies (425ms)
				LogAssemblyErrors (0ms)
				InitializePlatformSupportModulesInManaged (6ms)
				SetLoadedEditorAssemblies (0ms)
				RefreshPlugins (105ms)
				BeforeProcessingInitializeOnLoad (113ms)
				ProcessInitializeOnLoadAttributes (186ms)
				ProcessInitializeOnLoadMethodAttributes (8ms)
				AfterProcessingInitializeOnLoad (6ms)
				EditorAssembliesLoaded (0ms)
			ExecutionOrderSort2 (0ms)
			AwakeInstancesAfterBackupRestoration (6ms)
Platform modules already initialized, skipping
========================================================================
Worker process is ready to serve import requests
Launched and connected shader compiler UnityShaderCompiler.exe after 0.04 seconds
Refreshing native plugins compatible for Editor in 0.66 ms, found 3 plugins.
Preloading 0 native plugins for Editor in 0.00 ms.
Unloading 4446 Unused Serialized files (Serialized files now loaded: 0)
System memory in use before: 170.8 MB.
System memory in use after: 171.0 MB.

Unloading 22 unused Assets to reduce memory usage. Loaded Objects now: 4882.
Total: 3.812400 ms (FindLiveObjects: 0.524100 ms CreateObjectMapping: 0.323100 ms MarkObjects: 2.809300 ms  DeleteObjects: 0.154100 ms)

AssetImportParameters requested are different than current active one (requested -> active):
  custom:framework-win-MediaFoundation: 216162199b28c13a410421893ffa2e32 -> 
  custom:video-decoder-ogg-theora: a1e56fd34408186e4bbccfd4996cb3dc -> 
  custom:container-muxer-webm: aa71ff27fc2769a1b78a27578f13a17b -> 
  custom:container-demuxer-webm: 4f35f7cbe854078d1ac9338744f61a02 -> 
  custom:container-demuxer-ogg: 62fdf1f143b41e24485cea50d1cbac27 -> 
  custom:video-encoder-webm-vp8: eb34c28f22e8b96e1ab97ce403110664 -> 
  custom:video-decoder-webm-vp8: 9c59270c3fd7afecdb556c50c9e8de78 -> 
  custom:audio-decoder-ogg-vorbis: bf7c407c2cedff20999df2af8eb42d56 -> 
  custom:audio-encoder-webm-vorbis: bf7c407c2cedff20999df2af8eb42d56 -> 
========================================================================
Received Import Request.
  path: Assets/Models/NPCHead.fbx
  artifactKey: Guid(76120b204ca05c24289ca0eb7e8e03a4) Importer(815301076,1909f56bfc062723c751e8b465ee728b)
Start importing Assets/Models/NPCHead.fbx using Guid(76120b204ca05c24289ca0eb7e8e03a4) Importer(815301076,1909f56bfc062723c751e8b465ee728b)  -> (artifact id: 'e0090c39a616e8e70848049b027bf323') in 0.362627 seconds 
  Import took 0.369820 seconds .

========================================================================
Received Import Request.
  Time since last request: 0.000368 seconds.
  path: Assets/Models/NPC.prefab
  artifactKey: Guid(328e8d686ee3fa848965fd5d2d3af222) Importer(815301076,1909f56bfc062723c751e8b465ee728b)
Start importing Assets/Models/NPC.prefab using Guid(328e8d686ee3fa848965fd5d2d3af222) Importer(815301076,1909f56bfc062723c751e8b465ee728b)  -> (artifact id: 'bcf275c50081dc337730f5c5601e2330') in 0.046924 seconds 
  Import took 0.055141 seconds .

========================================================================
Received Import Request.
  Time since last request: 32.457797 seconds.
  path: Assets/Models/NPC.prefab
  artifactKey: Guid(328e8d686ee3fa848965fd5d2d3af222) Importer(815301076,1909f56bfc062723c751e8b465ee728b)
Start importing Assets/Models/NPC.prefab using Guid(328e8d686ee3fa848965fd5d2d3af222) Importer(815301076,1909f56bfc062723c751e8b465ee728b)  -> (artifact id: 'a7e722bb06679cb2aa4728cc51bd7963') in 0.024771 seconds 
  Import took 0.031133 seconds .

========================================================================
Received Import Request.
  Time since last request: 2.649064 seconds.
  path: Assets/Models/NPC.prefab
  artifactKey: Guid(328e8d686ee3fa848965fd5d2d3af222) Importer(815301076,1909f56bfc062723c751e8b465ee728b)
Start importing Assets/Models/NPC.prefab using Guid(328e8d686ee3fa848965fd5d2d3af222) Importer(815301076,1909f56bfc062723c751e8b465ee728b)  -> (artifact id: '0f6f129afd3ddbe160450e339a25cd08') in 0.022194 seconds 
  Import took 0.028620 seconds .

========================================================================
Received Import Request.
  Time since last request: 3.123377 seconds.
  path: Assets/Models/NPC.prefab
  artifactKey: Guid(328e8d686ee3fa848965fd5d2d3af222) Importer(815301076,1909f56bfc062723c751e8b465ee728b)
Start importing Assets/Models/NPC.prefab using Guid(328e8d686ee3fa848965fd5d2d3af222) Importer(815301076,1909f56bfc062723c751e8b465ee728b)  -> (artifact id: '3e56a0ebcf231685bdab95c9d3d5689f') in 0.022187 seconds 
  Import took 0.028346 seconds .

========================================================================
Received Import Request.
  Time since last request: 3.660977 seconds.
  path: Assets/Models/NPC.prefab
  artifactKey: Guid(328e8d686ee3fa848965fd5d2d3af222) Importer(815301076,1909f56bfc062723c751e8b465ee728b)
Start importing Assets/Models/NPC.prefab using Guid(328e8d686ee3fa848965fd5d2d3af222) Importer(815301076,1909f56bfc062723c751e8b465ee728b)  -> (artifact id: '2c117249d397507f10e729a08afc5219') in 0.022223 seconds 
  Import took 0.029047 seconds .

========================================================================
Received Import Request.
  Time since last request: 2.399011 seconds.
  path: Assets/Models/NPC.prefab
  artifactKey: Guid(328e8d686ee3fa848965fd5d2d3af222) Importer(815301076,1909f56bfc062723c751e8b465ee728b)
Start importing Assets/Models/NPC.prefab using Guid(328e8d686ee3fa848965fd5d2d3af222) Importer(815301076,1909f56bfc062723c751e8b465ee728b)  -> (artifact id: 'e9bb8595c49df50a666082f7cdbcac07') in 0.027458 seconds 
  Import took 0.035321 seconds .

========================================================================
Received Import Request.
  Time since last request: 8.155201 seconds.
  path: Assets/Models/NPC.prefab
  artifactKey: Guid(328e8d686ee3fa848965fd5d2d3af222) Importer(815301076,1909f56bfc062723c751e8b465ee728b)
Start importing Assets/Models/NPC.prefab using Guid(328e8d686ee3fa848965fd5d2d3af222) Importer(815301076,1909f56bfc062723c751e8b465ee728b)  -> (artifact id: '70110beb4925b62ddd06610538eccf1b') in 0.021950 seconds 
  Import took 0.028638 seconds .

========================================================================
Received Import Request.
  Time since last request: 2.700861 seconds.
  path: Assets/Models/NPC.prefab
  artifactKey: Guid(328e8d686ee3fa848965fd5d2d3af222) Importer(815301076,1909f56bfc062723c751e8b465ee728b)
Start importing Assets/Models/NPC.prefab using Guid(328e8d686ee3fa848965fd5d2d3af222) Importer(815301076,1909f56bfc062723c751e8b465ee728b)  -> (artifact id: '92cd27bb47c78582aa563ec704a78e45') in 0.026744 seconds 
  Import took 0.034944 seconds .

========================================================================
Received Import Request.
  Time since last request: 3.115770 seconds.
  path: Assets/Models/NPC.prefab
  artifactKey: Guid(328e8d686ee3fa848965fd5d2d3af222) Importer(815301076,1909f56bfc062723c751e8b465ee728b)
Start importing Assets/Models/NPC.prefab using Guid(328e8d686ee3fa848965fd5d2d3af222) Importer(815301076,1909f56bfc062723c751e8b465ee728b)  -> (artifact id: 'c178949cb1438f3cf019eae1e821a77b') in 0.018783 seconds 
  Import took 0.025531 seconds .

========================================================================
Received Import Request.
  Time since last request: 1.586340 seconds.
  path: Assets/Models/NPC.prefab
  artifactKey: Guid(328e8d686ee3fa848965fd5d2d3af222) Importer(815301076,1909f56bfc062723c751e8b465ee728b)
Start importing Assets/Models/NPC.prefab using Guid(328e8d686ee3fa848965fd5d2d3af222) Importer(815301076,1909f56bfc062723c751e8b465ee728b)  -> (artifact id: 'caa5aa34ec22d8c1e0cf37f1687e22cd') in 0.023573 seconds 
  Import took 0.030560 seconds .

========================================================================
Received Import Request.
  Time since last request: 2.684779 seconds.
  path: Assets/Models/NPC.prefab
  artifactKey: Guid(328e8d686ee3fa848965fd5d2d3af222) Importer(815301076,1909f56bfc062723c751e8b465ee728b)
Start importing Assets/Models/NPC.prefab using Guid(328e8d686ee3fa848965fd5d2d3af222) Importer(815301076,1909f56bfc062723c751e8b465ee728b)  -> (artifact id: '7083cad1088d8f9917cfc36f49bb5455') in 0.020398 seconds 
  Import took 0.027563 seconds .

========================================================================
Received Import Request.
  Time since last request: 8.656810 seconds.
  path: Assets/Models/NPC.prefab
  artifactKey: Guid(328e8d686ee3fa848965fd5d2d3af222) Importer(815301076,1909f56bfc062723c751e8b465ee728b)
Start importing Assets/Models/NPC.prefab using Guid(328e8d686ee3fa848965fd5d2d3af222) Importer(815301076,1909f56bfc062723c751e8b465ee728b)  -> (artifact id: '9ecc4b04f287c7b0367879572f603317') in 0.028870 seconds 
  Import took 0.035605 seconds .

========================================================================
Received Import Request.
  Time since last request: 5.205853 seconds.
  path: Assets/Models/NPC.prefab
  artifactKey: Guid(328e8d686ee3fa848965fd5d2d3af222) Importer(815301076,1909f56bfc062723c751e8b465ee728b)
Start importing Assets/Models/NPC.prefab using Guid(328e8d686ee3fa848965fd5d2d3af222) Importer(815301076,1909f56bfc062723c751e8b465ee728b)  -> (artifact id: 'b9b08a695bd15deceb8556f1b0c07571') in 0.019423 seconds 
  Import took 0.026165 seconds .

========================================================================
Received Import Request.
  Time since last request: 4.612158 seconds.
  path: Assets/Models/NPC.prefab
  artifactKey: Guid(328e8d686ee3fa848965fd5d2d3af222) Importer(815301076,1909f56bfc062723c751e8b465ee728b)
Start importing Assets/Models/NPC.prefab using Guid(328e8d686ee3fa848965fd5d2d3af222) Importer(815301076,1909f56bfc062723c751e8b465ee728b)  -> (artifact id: '8886ed5109fa412be320f558b8be80f9') in 0.026013 seconds 
  Import took 0.032994 seconds .

========================================================================
Received Import Request.
  Time since last request: 0.777344 seconds.
  path: Assets/Models/NPC.prefab
  artifactKey: Guid(328e8d686ee3fa848965fd5d2d3af222) Importer(815301076,1909f56bfc062723c751e8b465ee728b)
Start importing Assets/Models/NPC.prefab using Guid(328e8d686ee3fa848965fd5d2d3af222) Importer(815301076,1909f56bfc062723c751e8b465ee728b)  -> (artifact id: '5fabb04a73707480afceb60c02868ed6') in 0.020371 seconds 
  Import took 0.027545 seconds .

========================================================================
Received Import Request.
  Time since last request: 5.770166 seconds.
  path: Assets/Models/NPC.prefab
  artifactKey: Guid(328e8d686ee3fa848965fd5d2d3af222) Importer(815301076,1909f56bfc062723c751e8b465ee728b)
Start importing Assets/Models/NPC.prefab using Guid(328e8d686ee3fa848965fd5d2d3af222) Importer(815301076,1909f56bfc062723c751e8b465ee728b)  -> (artifact id: 'a9ffc8ab88e5b650f2175c03f26e56cc') in 0.021912 seconds 
  Import took 0.029339 seconds .

========================================================================
Received Import Request.
  Time since last request: 8.020214 seconds.
  path: Assets/Models/NPC.prefab
  artifactKey: Guid(328e8d686ee3fa848965fd5d2d3af222) Importer(815301076,1909f56bfc062723c751e8b465ee728b)
Start importing Assets/Models/NPC.prefab using Guid(328e8d686ee3fa848965fd5d2d3af222) Importer(815301076,1909f56bfc062723c751e8b465ee728b)  -> (artifact id: 'e2146d0cd03b600434dae0e8acef3195') in 0.028567 seconds 
  Import took 0.034933 seconds .

========================================================================
Received Import Request.
  Time since last request: 5.810715 seconds.
  path: Assets/Models/NPC.prefab
  artifactKey: Guid(328e8d686ee3fa848965fd5d2d3af222) Importer(815301076,1909f56bfc062723c751e8b465ee728b)
Start importing Assets/Models/NPC.prefab using Guid(328e8d686ee3fa848965fd5d2d3af222) Importer(815301076,1909f56bfc062723c751e8b465ee728b)  -> (artifact id: '44d90afabdb12f95d6f586f6e19b6048') in 0.021605 seconds 
  Import took 0.028254 seconds .

========================================================================
Received Import Request.
  Time since last request: 6.830806 seconds.
  path: Assets/Models/NPC.prefab
  artifactKey: Guid(328e8d686ee3fa848965fd5d2d3af222) Importer(815301076,1909f56bfc062723c751e8b465ee728b)
Start importing Assets/Models/NPC.prefab using Guid(328e8d686ee3fa848965fd5d2d3af222) Importer(815301076,1909f56bfc062723c751e8b465ee728b)  -> (artifact id: '25588959bacda7a3aafff7192ca0d548') in 0.020299 seconds 
  Import took 0.027421 seconds .

========================================================================
Received Import Request.
  Time since last request: 1.780099 seconds.
  path: Assets/Models/NPC.prefab
  artifactKey: Guid(328e8d686ee3fa848965fd5d2d3af222) Importer(815301076,1909f56bfc062723c751e8b465ee728b)
Start importing Assets/Models/NPC.prefab using Guid(328e8d686ee3fa848965fd5d2d3af222) Importer(815301076,1909f56bfc062723c751e8b465ee728b)  -> (artifact id: '44a87b9ef8984905adfd25ee64545b12') in 0.023089 seconds 
  Import took 0.029773 seconds .

========================================================================
Received Import Request.
  Time since last request: 2.867461 seconds.
  path: Assets/Models/NPC.prefab
  artifactKey: Guid(328e8d686ee3fa848965fd5d2d3af222) Importer(815301076,1909f56bfc062723c751e8b465ee728b)
Start importing Assets/Models/NPC.prefab using Guid(328e8d686ee3fa848965fd5d2d3af222) Importer(815301076,1909f56bfc062723c751e8b465ee728b)  -> (artifact id: '4f8b9f6bd16d95bd1a8c954fcd5e677c') in 0.022113 seconds 
  Import took 0.029705 seconds .

========================================================================
Received Import Request.
  Time since last request: 5.684177 seconds.
  path: Assets/Models/NPC.prefab
  artifactKey: Guid(328e8d686ee3fa848965fd5d2d3af222) Importer(815301076,1909f56bfc062723c751e8b465ee728b)
Start importing Assets/Models/NPC.prefab using Guid(328e8d686ee3fa848965fd5d2d3af222) Importer(815301076,1909f56bfc062723c751e8b465ee728b)  -> (artifact id: '06b5591764879c8ec7eb4b0f1bdf527f') in 0.026105 seconds 
  Import took 0.033158 seconds .

========================================================================
Received Import Request.
  Time since last request: 25.963829 seconds.
  path: Assets/Textures/Eye Texture.png
  artifactKey: Guid(ca0892f2713598e4f8fa94528c0e709a) Importer(815301076,1909f56bfc062723c751e8b465ee728b)
Start importing Assets/Textures/Eye Texture.png using Guid(ca0892f2713598e4f8fa94528c0e709a) Importer(815301076,1909f56bfc062723c751e8b465ee728b)  -> (artifact id: 'cf3fc4b630260eae7d65ebf5ac0ce108') in 0.022582 seconds 
  Import took 0.029763 seconds .

========================================================================
Received Import Request.
  Time since last request: 0.000306 seconds.
  path: Assets/Textures/Head Base Color.png
  artifactKey: Guid(3d3caeb2cf98f0e489e2a23423fc58c0) Importer(815301076,1909f56bfc062723c751e8b465ee728b)
Start importing Assets/Textures/Head Base Color.png using Guid(3d3caeb2cf98f0e489e2a23423fc58c0) Importer(815301076,1909f56bfc062723c751e8b465ee728b)  -> (artifact id: '0e1a1b54f2b188c629932a9f2989a309') in 0.014347 seconds 
  Import took 0.022529 seconds .

========================================================================
Received Import Request.
  Time since last request: 20.900507 seconds.
  path: Assets/Materials/Eyes.mat
  artifactKey: Guid(aa8d01bb06095654bb3c353b403a1a8c) Importer(815301076,1909f56bfc062723c751e8b465ee728b)
Start importing Assets/Materials/Eyes.mat using Guid(aa8d01bb06095654bb3c353b403a1a8c) Importer(815301076,1909f56bfc062723c751e8b465ee728b)  -> (artifact id: '6160854c2c7939038da4acf7643cccde') in 0.012417 seconds 
  Import took 0.020123 seconds .

========================================================================
Received Import Request.
  Time since last request: 0.000371 seconds.
  path: Assets/Materials/Head.mat
  artifactKey: Guid(28e5fff7374784c4ea0b20b1cfa94791) Importer(815301076,1909f56bfc062723c751e8b465ee728b)
Start importing Assets/Materials/Head.mat using Guid(28e5fff7374784c4ea0b20b1cfa94791) Importer(815301076,1909f56bfc062723c751e8b465ee728b)  -> (artifact id: '9a7b06c5d64d510c223eb631cd6e3c91') in 0.032112 seconds 
  Import took 0.038450 seconds .

========================================================================
Received Prepare
Registering precompiled user dll's ...
Registered in 0.004335 seconds.
Begin MonoManager ReloadAssembly
Symbol file LoadedFromMemory doesn't match image D:\Games\Repos\Github-Game-Off-2022-Cliche\Game Files\IBGWYN\Library\PackageCache\com.unity.visualscripting@1.7.8\Editor\VisualScripting.Core\Dependencies\YamlDotNet\Unity.VisualScripting.YamlDotNet.dll
Symbol file LoadedFromMemory doesn't match image D:\Games\Repos\Github-Game-Off-2022-Cliche\Game Files\IBGWYN\Library\PackageCache\com.unity.visualscripting@1.7.8\Editor\VisualScripting.Core\Dependencies\DotNetZip\Unity.VisualScripting.IonicZip.dll
Native extension for WindowsStandalone target not found
Native extension for OSXStandalone target not found
Native extension for WebGL target not found
Refreshing native plugins compatible for Editor in 0.62 ms, found 3 plugins.
Preloading 0 native plugins for Editor in 0.00 ms.
Mono: successfully reloaded assembly
- Completed reload, in  1.099 seconds
Domain Reload Profiling:
	ReloadAssembly (1099ms)
		BeginReloadAssembly (124ms)
			ExecutionOrderSort (0ms)
			DisableScriptedObjects (6ms)
			BackupInstance (0ms)
			ReleaseScriptingObjects (0ms)
			CreateAndSetChildDomain (37ms)
		EndReloadAssembly (918ms)
			LoadAssemblies (90ms)
			RebuildTransferFunctionScriptingTraits (0ms)
			SetupTypeCache (343ms)
			ReleaseScriptCaches (2ms)
			RebuildScriptCaches (41ms)
			SetupLoadedEditorAssemblies (325ms)
				LogAssemblyErrors (0ms)
				InitializePlatformSupportModulesInManaged (6ms)
				SetLoadedEditorAssemblies (0ms)
				RefreshPlugins (1ms)
				BeforeProcessingInitializeOnLoad (85ms)
				ProcessInitializeOnLoadAttributes (217ms)
				ProcessInitializeOnLoadMethodAttributes (9ms)
				AfterProcessingInitializeOnLoad (6ms)
				EditorAssembliesLoaded (0ms)
			ExecutionOrderSort2 (0ms)
			AwakeInstancesAfterBackupRestoration (15ms)
Platform modules already initialized, skipping
Refreshing native plugins compatible for Editor in 0.68 ms, found 3 plugins.
Preloading 0 native plugins for Editor in 0.00 ms.
Unloading 4324 Unused Serialized files (Serialized files now loaded: 0)
System memory in use before: 182.3 MB.
System memory in use after: 182.6 MB.

Unloading 17 unused Assets to reduce memory usage. Loaded Objects now: 4970.
Total: 3.160600 ms (FindLiveObjects: 0.373500 ms CreateObjectMapping: 0.285800 ms MarkObjects: 2.477300 ms  DeleteObjects: 0.022900 ms)

AssetImportParameters requested are different than current active one (requested -> active):
  custom:framework-win-MediaFoundation: 216162199b28c13a410421893ffa2e32 -> 
  custom:video-decoder-ogg-theora: a1e56fd34408186e4bbccfd4996cb3dc -> 
  custom:container-muxer-webm: aa71ff27fc2769a1b78a27578f13a17b -> 
  custom:container-demuxer-webm: 4f35f7cbe854078d1ac9338744f61a02 -> 
  custom:container-demuxer-ogg: 62fdf1f143b41e24485cea50d1cbac27 -> 
  custom:video-encoder-webm-vp8: eb34c28f22e8b96e1ab97ce403110664 -> 
  custom:video-decoder-webm-vp8: 9c59270c3fd7afecdb556c50c9e8de78 -> 
  custom:audio-decoder-ogg-vorbis: bf7c407c2cedff20999df2af8eb42d56 -> 
  custom:audio-encoder-webm-vorbis: bf7c407c2cedff20999df2af8eb42d56 -> 
========================================================================
Received Prepare
Registering precompiled user dll's ...
Registered in 0.006140 seconds.
Begin MonoManager ReloadAssembly
Symbol file LoadedFromMemory doesn't match image D:\Games\Repos\Github-Game-Off-2022-Cliche\Game Files\IBGWYN\Library\PackageCache\com.unity.visualscripting@1.7.8\Editor\VisualScripting.Core\Dependencies\YamlDotNet\Unity.VisualScripting.YamlDotNet.dll
Symbol file LoadedFromMemory doesn't match image D:\Games\Repos\Github-Game-Off-2022-Cliche\Game Files\IBGWYN\Library\PackageCache\com.unity.visualscripting@1.7.8\Editor\VisualScripting.Core\Dependencies\DotNetZip\Unity.VisualScripting.IonicZip.dll
Native extension for WindowsStandalone target not found
Native extension for OSXStandalone target not found
Native extension for WebGL target not found
Refreshing native plugins compatible for Editor in 0.82 ms, found 3 plugins.
Preloading 0 native plugins for Editor in 0.00 ms.
Mono: successfully reloaded assembly
- Completed reload, in  1.525 seconds
Domain Reload Profiling:
	ReloadAssembly (1526ms)
		BeginReloadAssembly (288ms)
			ExecutionOrderSort (0ms)
			DisableScriptedObjects (7ms)
			BackupInstance (0ms)
			ReleaseScriptingObjects (0ms)
			CreateAndSetChildDomain (87ms)
		EndReloadAssembly (1148ms)
			LoadAssemblies (221ms)
			RebuildTransferFunctionScriptingTraits (0ms)
			SetupTypeCache (491ms)
			ReleaseScriptCaches (2ms)
			RebuildScriptCaches (45ms)
			SetupLoadedEditorAssemblies (351ms)
				LogAssemblyErrors (0ms)
				InitializePlatformSupportModulesInManaged (7ms)
				SetLoadedEditorAssemblies (0ms)
				RefreshPlugins (1ms)
				BeforeProcessingInitializeOnLoad (113ms)
				ProcessInitializeOnLoadAttributes (212ms)
				ProcessInitializeOnLoadMethodAttributes (10ms)
				AfterProcessingInitializeOnLoad (7ms)
				EditorAssembliesLoaded (0ms)
			ExecutionOrderSort2 (0ms)
			AwakeInstancesAfterBackupRestoration (17ms)
Platform modules already initialized, skipping
Refreshing native plugins compatible for Editor in 0.71 ms, found 3 plugins.
Preloading 0 native plugins for Editor in 0.00 ms.
Unloading 4324 Unused Serialized files (Serialized files now loaded: 0)
System memory in use before: 182.4 MB.
System memory in use after: 182.7 MB.

Unloading 17 unused Assets to reduce memory usage. Loaded Objects now: 4973.
Total: 4.272600 ms (FindLiveObjects: 0.479000 ms CreateObjectMapping: 0.329400 ms MarkObjects: 3.442400 ms  DeleteObjects: 0.020500 ms)

AssetImportParameters requested are different than current active one (requested -> active):
  custom:framework-win-MediaFoundation: 216162199b28c13a410421893ffa2e32 -> 
  custom:video-decoder-ogg-theora: a1e56fd34408186e4bbccfd4996cb3dc -> 
  custom:container-muxer-webm: aa71ff27fc2769a1b78a27578f13a17b -> 
  custom:container-demuxer-webm: 4f35f7cbe854078d1ac9338744f61a02 -> 
  custom:container-demuxer-ogg: 62fdf1f143b41e24485cea50d1cbac27 -> 
  custom:video-encoder-webm-vp8: eb34c28f22e8b96e1ab97ce403110664 -> 
  custom:video-decoder-webm-vp8: 9c59270c3fd7afecdb556c50c9e8de78 -> 
  custom:audio-decoder-ogg-vorbis: bf7c407c2cedff20999df2af8eb42d56 -> 
  custom:audio-encoder-webm-vorbis: bf7c407c2cedff20999df2af8eb42d56 -> 
========================================================================
Received Prepare
Registering precompiled user dll's ...
Registered in 0.004127 seconds.
Begin MonoManager ReloadAssembly
Symbol file LoadedFromMemory doesn't match image D:\Games\Repos\Github-Game-Off-2022-Cliche\Game Files\IBGWYN\Library\PackageCache\com.unity.visualscripting@1.7.8\Editor\VisualScripting.Core\Dependencies\YamlDotNet\Unity.VisualScripting.YamlDotNet.dll
Symbol file LoadedFromMemory doesn't match image D:\Games\Repos\Github-Game-Off-2022-Cliche\Game Files\IBGWYN\Library\PackageCache\com.unity.visualscripting@1.7.8\Editor\VisualScripting.Core\Dependencies\DotNetZip\Unity.VisualScripting.IonicZip.dll
Native extension for WindowsStandalone target not found
Native extension for OSXStandalone target not found
Native extension for WebGL target not found
Refreshing native plugins compatible for Editor in 0.65 ms, found 3 plugins.
Preloading 0 native plugins for Editor in 0.00 ms.
Mono: successfully reloaded assembly
- Completed reload, in  1.013 seconds
Domain Reload Profiling:
	ReloadAssembly (1014ms)
		BeginReloadAssembly (107ms)
			ExecutionOrderSort (0ms)
			DisableScriptedObjects (4ms)
			BackupInstance (0ms)
			ReleaseScriptingObjects (0ms)
			CreateAndSetChildDomain (29ms)
		EndReloadAssembly (853ms)
			LoadAssemblies (86ms)
			RebuildTransferFunctionScriptingTraits (0ms)
			SetupTypeCache (313ms)
			ReleaseScriptCaches (1ms)
			RebuildScriptCaches (44ms)
			SetupLoadedEditorAssemblies (270ms)
				LogAssemblyErrors (0ms)
				InitializePlatformSupportModulesInManaged (6ms)
				SetLoadedEditorAssemblies (0ms)
				RefreshPlugins (1ms)
				BeforeProcessingInitializeOnLoad (88ms)
				ProcessInitializeOnLoadAttributes (161ms)
				ProcessInitializeOnLoadMethodAttributes (7ms)
				AfterProcessingInitializeOnLoad (6ms)
				EditorAssembliesLoaded (0ms)
			ExecutionOrderSort2 (0ms)
			AwakeInstancesAfterBackupRestoration (13ms)
Platform modules already initialized, skipping
Refreshing native plugins compatible for Editor in 0.66 ms, found 3 plugins.
Preloading 0 native plugins for Editor in 0.00 ms.
Unloading 4324 Unused Serialized files (Serialized files now loaded: 0)
System memory in use before: 182.4 MB.
System memory in use after: 182.7 MB.

Unloading 17 unused Assets to reduce memory usage. Loaded Objects now: 4976.
Total: 3.658100 ms (FindLiveObjects: 0.413000 ms CreateObjectMapping: 0.248700 ms MarkObjects: 2.976500 ms  DeleteObjects: 0.018700 ms)

AssetImportParameters requested are different than current active one (requested -> active):
  custom:framework-win-MediaFoundation: 216162199b28c13a410421893ffa2e32 -> 
  custom:video-decoder-ogg-theora: a1e56fd34408186e4bbccfd4996cb3dc -> 
  custom:container-muxer-webm: aa71ff27fc2769a1b78a27578f13a17b -> 
  custom:container-demuxer-webm: 4f35f7cbe854078d1ac9338744f61a02 -> 
  custom:container-demuxer-ogg: 62fdf1f143b41e24485cea50d1cbac27 -> 
  custom:video-encoder-webm-vp8: eb34c28f22e8b96e1ab97ce403110664 -> 
  custom:video-decoder-webm-vp8: 9c59270c3fd7afecdb556c50c9e8de78 -> 
  custom:audio-decoder-ogg-vorbis: bf7c407c2cedff20999df2af8eb42d56 -> 
  custom:audio-encoder-webm-vorbis: bf7c407c2cedff20999df2af8eb42d56 -> 
========================================================================
Received Prepare
Registering precompiled user dll's ...
Registered in 0.004149 seconds.
Begin MonoManager ReloadAssembly
Symbol file LoadedFromMemory doesn't match image D:\Games\Repos\Github-Game-Off-2022-Cliche\Game Files\IBGWYN\Library\PackageCache\com.unity.visualscripting@1.7.8\Editor\VisualScripting.Core\Dependencies\YamlDotNet\Unity.VisualScripting.YamlDotNet.dll
Symbol file LoadedFromMemory doesn't match image D:\Games\Repos\Github-Game-Off-2022-Cliche\Game Files\IBGWYN\Library\PackageCache\com.unity.visualscripting@1.7.8\Editor\VisualScripting.Core\Dependencies\DotNetZip\Unity.VisualScripting.IonicZip.dll
Native extension for WindowsStandalone target not found
Native extension for OSXStandalone target not found
Native extension for WebGL target not found
Refreshing native plugins compatible for Editor in 0.68 ms, found 3 plugins.
Preloading 0 native plugins for Editor in 0.00 ms.
Mono: successfully reloaded assembly
- Completed reload, in  1.029 seconds
Domain Reload Profiling:
	ReloadAssembly (1029ms)
		BeginReloadAssembly (104ms)
			ExecutionOrderSort (0ms)
			DisableScriptedObjects (4ms)
			BackupInstance (0ms)
			ReleaseScriptingObjects (0ms)
			CreateAndSetChildDomain (33ms)
		EndReloadAssembly (868ms)
			LoadAssemblies (89ms)
			RebuildTransferFunctionScriptingTraits (0ms)
			SetupTypeCache (351ms)
			ReleaseScriptCaches (2ms)
			RebuildScriptCaches (40ms)
			SetupLoadedEditorAssemblies (264ms)
				LogAssemblyErrors (0ms)
				InitializePlatformSupportModulesInManaged (7ms)
				SetLoadedEditorAssemblies (0ms)
				RefreshPlugins (1ms)
				BeforeProcessingInitializeOnLoad (84ms)
				ProcessInitializeOnLoadAttributes (158ms)
				ProcessInitializeOnLoadMethodAttributes (8ms)
				AfterProcessingInitializeOnLoad (5ms)
				EditorAssembliesLoaded (0ms)
			ExecutionOrderSort2 (0ms)
			AwakeInstancesAfterBackupRestoration (14ms)
Platform modules already initialized, skipping
Refreshing native plugins compatible for Editor in 1.12 ms, found 3 plugins.
Preloading 0 native plugins for Editor in 0.00 ms.
Unloading 4324 Unused Serialized files (Serialized files now loaded: 0)
System memory in use before: 182.5 MB.
System memory in use after: 182.7 MB.

Unloading 17 unused Assets to reduce memory usage. Loaded Objects now: 4979.
Total: 3.188700 ms (FindLiveObjects: 0.449300 ms CreateObjectMapping: 0.220000 ms MarkObjects: 2.501600 ms  DeleteObjects: 0.017000 ms)

AssetImportParameters requested are different than current active one (requested -> active):
  custom:framework-win-MediaFoundation: 216162199b28c13a410421893ffa2e32 -> 
  custom:video-decoder-ogg-theora: a1e56fd34408186e4bbccfd4996cb3dc -> 
  custom:container-muxer-webm: aa71ff27fc2769a1b78a27578f13a17b -> 
  custom:container-demuxer-webm: 4f35f7cbe854078d1ac9338744f61a02 -> 
  custom:container-demuxer-ogg: 62fdf1f143b41e24485cea50d1cbac27 -> 
  custom:video-encoder-webm-vp8: eb34c28f22e8b96e1ab97ce403110664 -> 
  custom:video-decoder-webm-vp8: 9c59270c3fd7afecdb556c50c9e8de78 -> 
  custom:audio-decoder-ogg-vorbis: bf7c407c2cedff20999df2af8eb42d56 -> 
  custom:audio-encoder-webm-vorbis: bf7c407c2cedff20999df2af8eb42d56 -> 
========================================================================
Received Import Request.
  Time since last request: 639.450640 seconds.
  path: Assets/Models/NPC.prefab
  artifactKey: Guid(328e8d686ee3fa848965fd5d2d3af222) Importer(815301076,1909f56bfc062723c751e8b465ee728b)
Start importing Assets/Models/NPC.prefab using Guid(328e8d686ee3fa848965fd5d2d3af222) Importer(815301076,1909f56bfc062723c751e8b465ee728b)  -> (artifact id: '829ffe1fcd291dac4e6e8a816cb5d334') in 0.160566 seconds 
  Import took 0.168755 seconds .

========================================================================
Received Prepare
Registering precompiled user dll's ...
Registered in 0.004127 seconds.
Begin MonoManager ReloadAssembly
Symbol file LoadedFromMemory doesn't match image D:\Games\Repos\Github-Game-Off-2022-Cliche\Game Files\IBGWYN\Library\PackageCache\com.unity.visualscripting@1.7.8\Editor\VisualScripting.Core\Dependencies\YamlDotNet\Unity.VisualScripting.YamlDotNet.dll
Symbol file LoadedFromMemory doesn't match image D:\Games\Repos\Github-Game-Off-2022-Cliche\Game Files\IBGWYN\Library\PackageCache\com.unity.visualscripting@1.7.8\Editor\VisualScripting.Core\Dependencies\DotNetZip\Unity.VisualScripting.IonicZip.dll
Native extension for WindowsStandalone target not found
Native extension for OSXStandalone target not found
Native extension for WebGL target not found
Refreshing native plugins compatible for Editor in 0.62 ms, found 3 plugins.
Preloading 0 native plugins for Editor in 0.00 ms.
Mono: successfully reloaded assembly
- Completed reload, in  1.047 seconds
Domain Reload Profiling:
	ReloadAssembly (1047ms)
		BeginReloadAssembly (105ms)
			ExecutionOrderSort (0ms)
			DisableScriptedObjects (6ms)
			BackupInstance (0ms)
			ReleaseScriptingObjects (0ms)
			CreateAndSetChildDomain (35ms)
		EndReloadAssembly (887ms)
			LoadAssemblies (88ms)
			RebuildTransferFunctionScriptingTraits (0ms)
			SetupTypeCache (363ms)
			ReleaseScriptCaches (2ms)
			RebuildScriptCaches (38ms)
			SetupLoadedEditorAssemblies (276ms)
				LogAssemblyErrors (0ms)
				InitializePlatformSupportModulesInManaged (6ms)
				SetLoadedEditorAssemblies (0ms)
				RefreshPlugins (1ms)
				BeforeProcessingInitializeOnLoad (84ms)
				ProcessInitializeOnLoadAttributes (170ms)
				ProcessInitializeOnLoadMethodAttributes (8ms)
				AfterProcessingInitializeOnLoad (7ms)
				EditorAssembliesLoaded (0ms)
			ExecutionOrderSort2 (0ms)
			AwakeInstancesAfterBackupRestoration (14ms)
Platform modules already initialized, skipping
Refreshing native plugins compatible for Editor in 0.65 ms, found 3 plugins.
Preloading 0 native plugins for Editor in 0.00 ms.
Unloading 4324 Unused Serialized files (Serialized files now loaded: 0)
System memory in use before: 182.6 MB.
System memory in use after: 182.9 MB.

Unloading 17 unused Assets to reduce memory usage. Loaded Objects now: 5018.
Total: 3.581500 ms (FindLiveObjects: 0.421700 ms CreateObjectMapping: 0.325900 ms MarkObjects: 2.813900 ms  DeleteObjects: 0.019000 ms)

AssetImportParameters requested are different than current active one (requested -> active):
  custom:framework-win-MediaFoundation: 216162199b28c13a410421893ffa2e32 -> 
  custom:video-decoder-ogg-theora: a1e56fd34408186e4bbccfd4996cb3dc -> 
  custom:container-muxer-webm: aa71ff27fc2769a1b78a27578f13a17b -> 
  custom:container-demuxer-webm: 4f35f7cbe854078d1ac9338744f61a02 -> 
  custom:container-demuxer-ogg: 62fdf1f143b41e24485cea50d1cbac27 -> 
  custom:video-encoder-webm-vp8: eb34c28f22e8b96e1ab97ce403110664 -> 
  custom:video-decoder-webm-vp8: 9c59270c3fd7afecdb556c50c9e8de78 -> 
  custom:audio-decoder-ogg-vorbis: bf7c407c2cedff20999df2af8eb42d56 -> 
  custom:audio-encoder-webm-vorbis: bf7c407c2cedff20999df2af8eb42d56 -> 
========================================================================
Received Import Request.
  Time since last request: 33.911758 seconds.
  path: Assets/Models/NPC.prefab
  artifactKey: Guid(328e8d686ee3fa848965fd5d2d3af222) Importer(815301076,1909f56bfc062723c751e8b465ee728b)
Start importing Assets/Models/NPC.prefab using Guid(328e8d686ee3fa848965fd5d2d3af222) Importer(815301076,1909f56bfc062723c751e8b465ee728b)  -> (artifact id: 'c7304fe7d49d1f0ec75522b9666a1ce6') in 0.172380 seconds 
  Import took 0.179540 seconds .

========================================================================
Received Import Request.
  Time since last request: 7.730817 seconds.
  path: Assets/Models/NPC.prefab
  artifactKey: Guid(328e8d686ee3fa848965fd5d2d3af222) Importer(815301076,1909f56bfc062723c751e8b465ee728b)
Start importing Assets/Models/NPC.prefab using Guid(328e8d686ee3fa848965fd5d2d3af222) Importer(815301076,1909f56bfc062723c751e8b465ee728b)  -> (artifact id: 'd6c191a05dff11464161ca918a669ec2') in 0.023467 seconds 
  Import took 0.030245 seconds .

========================================================================
Received Prepare
Registering precompiled user dll's ...
Registered in 0.004648 seconds.
Begin MonoManager ReloadAssembly
Symbol file LoadedFromMemory doesn't match image D:\Games\Repos\Github-Game-Off-2022-Cliche\Game Files\IBGWYN\Library\PackageCache\com.unity.visualscripting@1.7.8\Editor\VisualScripting.Core\Dependencies\YamlDotNet\Unity.VisualScripting.YamlDotNet.dll
Symbol file LoadedFromMemory doesn't match image D:\Games\Repos\Github-Game-Off-2022-Cliche\Game Files\IBGWYN\Library\PackageCache\com.unity.visualscripting@1.7.8\Editor\VisualScripting.Core\Dependencies\DotNetZip\Unity.VisualScripting.IonicZip.dll
Native extension for WindowsStandalone target not found
Native extension for OSXStandalone target not found
Native extension for WebGL target not found
Refreshing native plugins compatible for Editor in 0.63 ms, found 3 plugins.
Preloading 0 native plugins for Editor in 0.00 ms.
Mono: successfully reloaded assembly
- Completed reload, in  1.035 seconds
Domain Reload Profiling:
	ReloadAssembly (1035ms)
		BeginReloadAssembly (118ms)
			ExecutionOrderSort (0ms)
			DisableScriptedObjects (7ms)
			BackupInstance (0ms)
			ReleaseScriptingObjects (0ms)
			CreateAndSetChildDomain (35ms)
		EndReloadAssembly (858ms)
			LoadAssemblies (90ms)
			RebuildTransferFunctionScriptingTraits (0ms)
			SetupTypeCache (309ms)
			ReleaseScriptCaches (1ms)
			RebuildScriptCaches (36ms)
			SetupLoadedEditorAssemblies (294ms)
				LogAssemblyErrors (0ms)
				InitializePlatformSupportModulesInManaged (5ms)
				SetLoadedEditorAssemblies (0ms)
				RefreshPlugins (1ms)
				BeforeProcessingInitializeOnLoad (90ms)
				ProcessInitializeOnLoadAttributes (183ms)
				ProcessInitializeOnLoadMethodAttributes (8ms)
				AfterProcessingInitializeOnLoad (6ms)
				EditorAssembliesLoaded (0ms)
			ExecutionOrderSort2 (0ms)
			AwakeInstancesAfterBackupRestoration (16ms)
Platform modules already initialized, skipping
Refreshing native plugins compatible for Editor in 1.12 ms, found 3 plugins.
Preloading 0 native plugins for Editor in 0.00 ms.
Unloading 4324 Unused Serialized files (Serialized files now loaded: 0)
System memory in use before: 182.7 MB.
System memory in use after: 183.0 MB.

Unloading 17 unused Assets to reduce memory usage. Loaded Objects now: 5057.
Total: 4.410600 ms (FindLiveObjects: 0.464200 ms CreateObjectMapping: 0.417400 ms MarkObjects: 3.490000 ms  DeleteObjects: 0.038200 ms)

AssetImportParameters requested are different than current active one (requested -> active):
  custom:framework-win-MediaFoundation: 216162199b28c13a410421893ffa2e32 -> 
  custom:video-decoder-ogg-theora: a1e56fd34408186e4bbccfd4996cb3dc -> 
  custom:container-muxer-webm: aa71ff27fc2769a1b78a27578f13a17b -> 
  custom:container-demuxer-webm: 4f35f7cbe854078d1ac9338744f61a02 -> 
  custom:container-demuxer-ogg: 62fdf1f143b41e24485cea50d1cbac27 -> 
  custom:video-encoder-webm-vp8: eb34c28f22e8b96e1ab97ce403110664 -> 
  custom:video-decoder-webm-vp8: 9c59270c3fd7afecdb556c50c9e8de78 -> 
  custom:audio-decoder-ogg-vorbis: bf7c407c2cedff20999df2af8eb42d56 -> 
  custom:audio-encoder-webm-vorbis: bf7c407c2cedff20999df2af8eb42d56 -> 
========================================================================
Received Import Request.
  Time since last request: 38.879083 seconds.
  path: Assets/Models/NPC.prefab
  artifactKey: Guid(328e8d686ee3fa848965fd5d2d3af222) Importer(815301076,1909f56bfc062723c751e8b465ee728b)
Start importing Assets/Models/NPC.prefab using Guid(328e8d686ee3fa848965fd5d2d3af222) Importer(815301076,1909f56bfc062723c751e8b465ee728b)  -> (artifact id: '242b834074695af8305e1adf4354f4a8') in 0.164036 seconds 
  Import took 0.170714 seconds .

========================================================================
Received Import Request.
  Time since last request: 0.977184 seconds.
  path: Assets/Models/NPC.prefab
  artifactKey: Guid(328e8d686ee3fa848965fd5d2d3af222) Importer(815301076,1909f56bfc062723c751e8b465ee728b)
Start importing Assets/Models/NPC.prefab using Guid(328e8d686ee3fa848965fd5d2d3af222) Importer(815301076,1909f56bfc062723c751e8b465ee728b)  -> (artifact id: '614ff285dd078ee8c72fc6284d4af7c7') in 0.022081 seconds 
  Import took 0.028954 seconds .

========================================================================
Received Import Request.
  Time since last request: 9.391171 seconds.
  path: Assets/Models/NPC.prefab
  artifactKey: Guid(328e8d686ee3fa848965fd5d2d3af222) Importer(815301076,1909f56bfc062723c751e8b465ee728b)
Start importing Assets/Models/NPC.prefab using Guid(328e8d686ee3fa848965fd5d2d3af222) Importer(815301076,1909f56bfc062723c751e8b465ee728b)  -> (artifact id: '662beb1ab87aecf3fe7a6632ea7553e9') in 0.039180 seconds 
  Import took 0.047364 seconds .

========================================================================
Received Import Request.
  Time since last request: 1.319787 seconds.
  path: Assets/Models/NPC.prefab
  artifactKey: Guid(328e8d686ee3fa848965fd5d2d3af222) Importer(815301076,1909f56bfc062723c751e8b465ee728b)
Start importing Assets/Models/NPC.prefab using Guid(328e8d686ee3fa848965fd5d2d3af222) Importer(815301076,1909f56bfc062723c751e8b465ee728b)  -> (artifact id: 'c9b181a9f40e5bf6a5699ee3c1d5b043') in 0.034189 seconds 
  Import took 0.041534 seconds .

========================================================================
Received Import Request.
  Time since last request: 5.175746 seconds.
  path: Assets/Models/NPC.prefab
  artifactKey: Guid(328e8d686ee3fa848965fd5d2d3af222) Importer(815301076,1909f56bfc062723c751e8b465ee728b)
Start importing Assets/Models/NPC.prefab using Guid(328e8d686ee3fa848965fd5d2d3af222) Importer(815301076,1909f56bfc062723c751e8b465ee728b)  -> (artifact id: '35d6e49bfa76e3c1b11922cdbc19991d') in 0.082969 seconds 
  Import took 0.091590 seconds .

========================================================================
Received Import Request.
  Time since last request: 1.661144 seconds.
  path: Assets/Models/NPC.prefab
  artifactKey: Guid(328e8d686ee3fa848965fd5d2d3af222) Importer(815301076,1909f56bfc062723c751e8b465ee728b)
Start importing Assets/Models/NPC.prefab using Guid(328e8d686ee3fa848965fd5d2d3af222) Importer(815301076,1909f56bfc062723c751e8b465ee728b)  -> (artifact id: '2f3bbdf7ab470fe2f3e3f4bad0ac8483') in 0.034063 seconds 
  Import took 0.040965 seconds .

========================================================================
Received Import Request.
  Time since last request: 5.644480 seconds.
  path: Assets/Models/NPC.prefab
  artifactKey: Guid(328e8d686ee3fa848965fd5d2d3af222) Importer(815301076,1909f56bfc062723c751e8b465ee728b)
Start importing Assets/Models/NPC.prefab using Guid(328e8d686ee3fa848965fd5d2d3af222) Importer(815301076,1909f56bfc062723c751e8b465ee728b)  -> (artifact id: '767beb51655a0ce99b8a526a65066289') in 0.026270 seconds 
  Import took 0.033079 seconds .

========================================================================
Received Import Request.
  Time since last request: 2.338226 seconds.
  path: Assets/Models/NPC.prefab
  artifactKey: Guid(328e8d686ee3fa848965fd5d2d3af222) Importer(815301076,1909f56bfc062723c751e8b465ee728b)
Start importing Assets/Models/NPC.prefab using Guid(328e8d686ee3fa848965fd5d2d3af222) Importer(815301076,1909f56bfc062723c751e8b465ee728b)  -> (artifact id: '4ac8ee20102e132131740ed8e2f02e39') in 0.023753 seconds 
  Import took 0.032228 seconds .

========================================================================
Received Import Request.
  Time since last request: 1.720280 seconds.
  path: Assets/Models/NPC.prefab
  artifactKey: Guid(328e8d686ee3fa848965fd5d2d3af222) Importer(815301076,1909f56bfc062723c751e8b465ee728b)
Start importing Assets/Models/NPC.prefab using Guid(328e8d686ee3fa848965fd5d2d3af222) Importer(815301076,1909f56bfc062723c751e8b465ee728b)  -> (artifact id: 'b41b2de5e2eb75dde71f567c243d8cee') in 0.025052 seconds 
  Import took 0.032365 seconds .

========================================================================
Received Import Request.
  Time since last request: 3.940161 seconds.
  path: Assets/Models/NPC.prefab
  artifactKey: Guid(328e8d686ee3fa848965fd5d2d3af222) Importer(815301076,1909f56bfc062723c751e8b465ee728b)
Start importing Assets/Models/NPC.prefab using Guid(328e8d686ee3fa848965fd5d2d3af222) Importer(815301076,1909f56bfc062723c751e8b465ee728b)  -> (artifact id: 'bf9f3cbbdddce084a05468ebd3f5792f') in 0.024831 seconds 
  Import took 0.031972 seconds .

========================================================================
Received Import Request.
  Time since last request: 1.386632 seconds.
  path: Assets/Models/NPC.prefab
  artifactKey: Guid(328e8d686ee3fa848965fd5d2d3af222) Importer(815301076,1909f56bfc062723c751e8b465ee728b)
Start importing Assets/Models/NPC.prefab using Guid(328e8d686ee3fa848965fd5d2d3af222) Importer(815301076,1909f56bfc062723c751e8b465ee728b)  -> (artifact id: 'b65098aef1719be365a2ccaeaaebb2ac') in 0.028077 seconds 
  Import took 0.034998 seconds .

========================================================================
Received Import Request.
  Time since last request: 9.214317 seconds.
  path: Assets/Models/NPC.prefab
  artifactKey: Guid(328e8d686ee3fa848965fd5d2d3af222) Importer(815301076,1909f56bfc062723c751e8b465ee728b)
Start importing Assets/Models/NPC.prefab using Guid(328e8d686ee3fa848965fd5d2d3af222) Importer(815301076,1909f56bfc062723c751e8b465ee728b)  -> (artifact id: 'a0c200ba683b2c4b8dd07b79c12d13ee') in 0.026155 seconds 
  Import took 0.032354 seconds .

========================================================================
Received Import Request.
  Time since last request: 1.817973 seconds.
  path: Assets/Models/NPC.prefab
  artifactKey: Guid(328e8d686ee3fa848965fd5d2d3af222) Importer(815301076,1909f56bfc062723c751e8b465ee728b)
Start importing Assets/Models/NPC.prefab using Guid(328e8d686ee3fa848965fd5d2d3af222) Importer(815301076,1909f56bfc062723c751e8b465ee728b)  -> (artifact id: '07b4b71bdcf33e875c2604ce47893313') in 0.024259 seconds 
  Import took 0.031228 seconds .

========================================================================
Received Import Request.
  Time since last request: 10.247337 seconds.
  path: Assets/Models/NPC.prefab
  artifactKey: Guid(328e8d686ee3fa848965fd5d2d3af222) Importer(815301076,1909f56bfc062723c751e8b465ee728b)
Start importing Assets/Models/NPC.prefab using Guid(328e8d686ee3fa848965fd5d2d3af222) Importer(815301076,1909f56bfc062723c751e8b465ee728b)  -> (artifact id: '9c2dce9bbbaf0e34efe7cbc8ff878e85') in 0.023318 seconds 
  Import took 0.031191 seconds .

========================================================================
Received Import Request.
  Time since last request: 1.437213 seconds.
  path: Assets/Models/NPC.prefab
  artifactKey: Guid(328e8d686ee3fa848965fd5d2d3af222) Importer(815301076,1909f56bfc062723c751e8b465ee728b)
Start importing Assets/Models/NPC.prefab using Guid(328e8d686ee3fa848965fd5d2d3af222) Importer(815301076,1909f56bfc062723c751e8b465ee728b)  -> (artifact id: '557b7cbf620504c4bbcfb1e8de34f1e6') in 0.031480 seconds 
  Import took 0.039898 seconds .

========================================================================
Received Prepare
Registering precompiled user dll's ...
Registered in 0.004062 seconds.
Begin MonoManager ReloadAssembly
Symbol file LoadedFromMemory doesn't match image D:\Games\Repos\Github-Game-Off-2022-Cliche\Game Files\IBGWYN\Library\PackageCache\com.unity.visualscripting@1.7.8\Editor\VisualScripting.Core\Dependencies\YamlDotNet\Unity.VisualScripting.YamlDotNet.dll
Symbol file LoadedFromMemory doesn't match image D:\Games\Repos\Github-Game-Off-2022-Cliche\Game Files\IBGWYN\Library\PackageCache\com.unity.visualscripting@1.7.8\Editor\VisualScripting.Core\Dependencies\DotNetZip\Unity.VisualScripting.IonicZip.dll
Native extension for WindowsStandalone target not found
Native extension for OSXStandalone target not found
Native extension for WebGL target not found
Refreshing native plugins compatible for Editor in 0.78 ms, found 3 plugins.
Preloading 0 native plugins for Editor in 0.00 ms.
Mono: successfully reloaded assembly
- Completed reload, in  1.019 seconds
Domain Reload Profiling:
	ReloadAssembly (1019ms)
		BeginReloadAssembly (113ms)
			ExecutionOrderSort (0ms)
			DisableScriptedObjects (6ms)
			BackupInstance (0ms)
			ReleaseScriptingObjects (0ms)
			CreateAndSetChildDomain (33ms)
		EndReloadAssembly (852ms)
			LoadAssemblies (90ms)
			RebuildTransferFunctionScriptingTraits (0ms)
			SetupTypeCache (330ms)
			ReleaseScriptCaches (1ms)
			RebuildScriptCaches (39ms)
			SetupLoadedEditorAssemblies (276ms)
				LogAssemblyErrors (0ms)
				InitializePlatformSupportModulesInManaged (6ms)
				SetLoadedEditorAssemblies (0ms)
				RefreshPlugins (1ms)
				BeforeProcessingInitializeOnLoad (84ms)
				ProcessInitializeOnLoadAttributes (170ms)
				ProcessInitializeOnLoadMethodAttributes (9ms)
				AfterProcessingInitializeOnLoad (6ms)
				EditorAssembliesLoaded (0ms)
			ExecutionOrderSort2 (0ms)
			AwakeInstancesAfterBackupRestoration (17ms)
Platform modules already initialized, skipping
Refreshing native plugins compatible for Editor in 0.65 ms, found 3 plugins.
Preloading 0 native plugins for Editor in 0.00 ms.
Unloading 4324 Unused Serialized files (Serialized files now loaded: 0)
System memory in use before: 183.0 MB.
System memory in use after: 183.2 MB.

Unloading 17 unused Assets to reduce memory usage. Loaded Objects now: 5096.
Total: 3.997800 ms (FindLiveObjects: 0.469400 ms CreateObjectMapping: 0.349600 ms MarkObjects: 3.140300 ms  DeleteObjects: 0.017900 ms)

AssetImportParameters requested are different than current active one (requested -> active):
  custom:framework-win-MediaFoundation: 216162199b28c13a410421893ffa2e32 -> 
  custom:video-decoder-ogg-theora: a1e56fd34408186e4bbccfd4996cb3dc -> 
  custom:container-muxer-webm: aa71ff27fc2769a1b78a27578f13a17b -> 
  custom:container-demuxer-webm: 4f35f7cbe854078d1ac9338744f61a02 -> 
  custom:container-demuxer-ogg: 62fdf1f143b41e24485cea50d1cbac27 -> 
  custom:video-encoder-webm-vp8: eb34c28f22e8b96e1ab97ce403110664 -> 
  custom:video-decoder-webm-vp8: 9c59270c3fd7afecdb556c50c9e8de78 -> 
  custom:audio-decoder-ogg-vorbis: bf7c407c2cedff20999df2af8eb42d56 -> 
  custom:audio-encoder-webm-vorbis: bf7c407c2cedff20999df2af8eb42d56 -> 
========================================================================
Received Import Request.
  Time since last request: 49.529473 seconds.
  path: Assets/Models/NPC.prefab
  artifactKey: Guid(328e8d686ee3fa848965fd5d2d3af222) Importer(815301076,1909f56bfc062723c751e8b465ee728b)
Start importing Assets/Models/NPC.prefab using Guid(328e8d686ee3fa848965fd5d2d3af222) Importer(815301076,1909f56bfc062723c751e8b465ee728b)  -> (artifact id: 'c53cb3e21b4c5e6dba865e2d5d399110') in 0.156498 seconds 
  Import took 0.163756 seconds .

========================================================================
Received Import Request.
  Time since last request: 4.985717 seconds.
  path: Assets/Models/NPC.prefab
  artifactKey: Guid(328e8d686ee3fa848965fd5d2d3af222) Importer(815301076,1909f56bfc062723c751e8b465ee728b)
Start importing Assets/Models/NPC.prefab using Guid(328e8d686ee3fa848965fd5d2d3af222) Importer(815301076,1909f56bfc062723c751e8b465ee728b)  -> (artifact id: '9fa3391fe87492b319693f3c74438014') in 0.025340 seconds 
  Import took 0.032709 seconds .

========================================================================
Received Import Request.
  Time since last request: 3.466539 seconds.
  path: Assets/Models/NPC.prefab
  artifactKey: Guid(328e8d686ee3fa848965fd5d2d3af222) Importer(815301076,1909f56bfc062723c751e8b465ee728b)
Start importing Assets/Models/NPC.prefab using Guid(328e8d686ee3fa848965fd5d2d3af222) Importer(815301076,1909f56bfc062723c751e8b465ee728b)  -> (artifact id: 'a8650af3f100a7a368517846bedb0777') in 0.030491 seconds 
  Import took 0.037991 seconds .

========================================================================
Received Import Request.
  Time since last request: 26.431332 seconds.
  path: Assets/Models/NPC.prefab
  artifactKey: Guid(328e8d686ee3fa848965fd5d2d3af222) Importer(815301076,1909f56bfc062723c751e8b465ee728b)
Start importing Assets/Models/NPC.prefab using Guid(328e8d686ee3fa848965fd5d2d3af222) Importer(815301076,1909f56bfc062723c751e8b465ee728b)  -> (artifact id: '002155ee65b323eea475abd40c9705ee') in 0.023259 seconds 
  Import took 0.030656 seconds .

========================================================================
Received Import Request.
  Time since last request: 2.013796 seconds.
  path: Assets/Models/NPC.prefab
  artifactKey: Guid(328e8d686ee3fa848965fd5d2d3af222) Importer(815301076,1909f56bfc062723c751e8b465ee728b)
Start importing Assets/Models/NPC.prefab using Guid(328e8d686ee3fa848965fd5d2d3af222) Importer(815301076,1909f56bfc062723c751e8b465ee728b)  -> (artifact id: 'f0ee62b2cdf8b265ee03ad620e343909') in 0.031853 seconds 
  Import took 0.039837 seconds .

========================================================================
Received Import Request.
  Time since last request: 4.611044 seconds.
  path: Assets/Models/NPC.prefab
  artifactKey: Guid(328e8d686ee3fa848965fd5d2d3af222) Importer(815301076,1909f56bfc062723c751e8b465ee728b)
Start importing Assets/Models/NPC.prefab using Guid(328e8d686ee3fa848965fd5d2d3af222) Importer(815301076,1909f56bfc062723c751e8b465ee728b)  -> (artifact id: '09ff16aa56907687d6da1b15786d129e') in 0.025405 seconds 
  Import took 0.031662 seconds .

========================================================================
Received Import Request.
  Time since last request: 4.017480 seconds.
  path: Assets/Models/NPC.prefab
  artifactKey: Guid(328e8d686ee3fa848965fd5d2d3af222) Importer(815301076,1909f56bfc062723c751e8b465ee728b)
Start importing Assets/Models/NPC.prefab using Guid(328e8d686ee3fa848965fd5d2d3af222) Importer(815301076,1909f56bfc062723c751e8b465ee728b)  -> (artifact id: 'cd0e4ac24a6636507c8bf8475ff067df') in 0.023859 seconds 
  Import took 0.032401 seconds .

========================================================================
Received Import Request.
  Time since last request: 24.405446 seconds.
  path: Assets/Models/NPC.prefab
  artifactKey: Guid(328e8d686ee3fa848965fd5d2d3af222) Importer(815301076,1909f56bfc062723c751e8b465ee728b)
Start importing Assets/Models/NPC.prefab using Guid(328e8d686ee3fa848965fd5d2d3af222) Importer(815301076,1909f56bfc062723c751e8b465ee728b)  -> (artifact id: '7554aaa2561a61f38b45bc8b8fbb7a62') in 0.025190 seconds 
  Import took 0.032018 seconds .

========================================================================
Received Import Request.
  Time since last request: 1.319514 seconds.
  path: Assets/Models/NPC.prefab
  artifactKey: Guid(328e8d686ee3fa848965fd5d2d3af222) Importer(815301076,1909f56bfc062723c751e8b465ee728b)
Start importing Assets/Models/NPC.prefab using Guid(328e8d686ee3fa848965fd5d2d3af222) Importer(815301076,1909f56bfc062723c751e8b465ee728b)  -> (artifact id: '274a8735006d61589bf10afd7eb9cfcf') in 0.023152 seconds 
  Import took 0.030271 seconds .

========================================================================
Received Import Request.
  Time since last request: 4.766218 seconds.
  path: Assets/Models/NPC.prefab
  artifactKey: Guid(328e8d686ee3fa848965fd5d2d3af222) Importer(815301076,1909f56bfc062723c751e8b465ee728b)
Start importing Assets/Models/NPC.prefab using Guid(328e8d686ee3fa848965fd5d2d3af222) Importer(815301076,1909f56bfc062723c751e8b465ee728b)  -> (artifact id: '8efe5d29173476beca15d4f4f9ec4a27') in 0.024006 seconds 
  Import took 0.031630 seconds .

========================================================================
Received Import Request.
  Time since last request: 3.053803 seconds.
  path: Assets/Models/NPC.prefab
  artifactKey: Guid(328e8d686ee3fa848965fd5d2d3af222) Importer(815301076,1909f56bfc062723c751e8b465ee728b)
Start importing Assets/Models/NPC.prefab using Guid(328e8d686ee3fa848965fd5d2d3af222) Importer(815301076,1909f56bfc062723c751e8b465ee728b)  -> (artifact id: '5323c7ef154c543c462b1172a1d9b580') in 0.030845 seconds 
  Import took 0.037545 seconds .

========================================================================
Received Import Request.
  Time since last request: 1.152508 seconds.
  path: Assets/Models/NPC.prefab
  artifactKey: Guid(328e8d686ee3fa848965fd5d2d3af222) Importer(815301076,1909f56bfc062723c751e8b465ee728b)
Start importing Assets/Models/NPC.prefab using Guid(328e8d686ee3fa848965fd5d2d3af222) Importer(815301076,1909f56bfc062723c751e8b465ee728b)  -> (artifact id: 'ba6a2a7547d838a2129fa113045223c3') in 0.028058 seconds 
  Import took 0.035484 seconds .

========================================================================
Received Prepare
Registering precompiled user dll's ...
Registered in 0.004180 seconds.
Begin MonoManager ReloadAssembly
Symbol file LoadedFromMemory doesn't match image D:\Games\Repos\Github-Game-Off-2022-Cliche\Game Files\IBGWYN\Library\PackageCache\com.unity.visualscripting@1.7.8\Editor\VisualScripting.Core\Dependencies\YamlDotNet\Unity.VisualScripting.YamlDotNet.dll
Symbol file LoadedFromMemory doesn't match image D:\Games\Repos\Github-Game-Off-2022-Cliche\Game Files\IBGWYN\Library\PackageCache\com.unity.visualscripting@1.7.8\Editor\VisualScripting.Core\Dependencies\DotNetZip\Unity.VisualScripting.IonicZip.dll
Native extension for WindowsStandalone target not found
Native extension for OSXStandalone target not found
Native extension for WebGL target not found
Refreshing native plugins compatible for Editor in 0.82 ms, found 3 plugins.
Preloading 0 native plugins for Editor in 0.00 ms.
Mono: successfully reloaded assembly
- Completed reload, in  1.012 seconds
Domain Reload Profiling:
	ReloadAssembly (1013ms)
		BeginReloadAssembly (116ms)
			ExecutionOrderSort (0ms)
			DisableScriptedObjects (6ms)
			BackupInstance (0ms)
			ReleaseScriptingObjects (0ms)
			CreateAndSetChildDomain (33ms)
		EndReloadAssembly (840ms)
			LoadAssemblies (98ms)
			RebuildTransferFunctionScriptingTraits (0ms)
			SetupTypeCache (320ms)
			ReleaseScriptCaches (1ms)
			RebuildScriptCaches (37ms)
			SetupLoadedEditorAssemblies (265ms)
				LogAssemblyErrors (0ms)
				InitializePlatformSupportModulesInManaged (6ms)
				SetLoadedEditorAssemblies (0ms)
				RefreshPlugins (1ms)
				BeforeProcessingInitializeOnLoad (84ms)
				ProcessInitializeOnLoadAttributes (160ms)
				ProcessInitializeOnLoadMethodAttributes (7ms)
				AfterProcessingInitializeOnLoad (6ms)
				EditorAssembliesLoaded (0ms)
			ExecutionOrderSort2 (0ms)
			AwakeInstancesAfterBackupRestoration (15ms)
Platform modules already initialized, skipping
Refreshing native plugins compatible for Editor in 0.67 ms, found 3 plugins.
Preloading 0 native plugins for Editor in 0.00 ms.
Unloading 4324 Unused Serialized files (Serialized files now loaded: 0)
System memory in use before: 183.1 MB.
System memory in use after: 183.4 MB.

Unloading 17 unused Assets to reduce memory usage. Loaded Objects now: 5135.
Total: 3.135600 ms (FindLiveObjects: 0.391900 ms CreateObjectMapping: 0.223300 ms MarkObjects: 2.503400 ms  DeleteObjects: 0.015600 ms)

AssetImportParameters requested are different than current active one (requested -> active):
  custom:framework-win-MediaFoundation: 216162199b28c13a410421893ffa2e32 -> 
  custom:video-decoder-ogg-theora: a1e56fd34408186e4bbccfd4996cb3dc -> 
  custom:container-muxer-webm: aa71ff27fc2769a1b78a27578f13a17b -> 
  custom:container-demuxer-webm: 4f35f7cbe854078d1ac9338744f61a02 -> 
  custom:container-demuxer-ogg: 62fdf1f143b41e24485cea50d1cbac27 -> 
  custom:video-encoder-webm-vp8: eb34c28f22e8b96e1ab97ce403110664 -> 
  custom:video-decoder-webm-vp8: 9c59270c3fd7afecdb556c50c9e8de78 -> 
  custom:audio-decoder-ogg-vorbis: bf7c407c2cedff20999df2af8eb42d56 -> 
  custom:audio-encoder-webm-vorbis: bf7c407c2cedff20999df2af8eb42d56 -> 
========================================================================
Received Import Request.
  Time since last request: 19.524198 seconds.
  path: Assets/Models/NPC.prefab
  artifactKey: Guid(328e8d686ee3fa848965fd5d2d3af222) Importer(815301076,1909f56bfc062723c751e8b465ee728b)
Start importing Assets/Models/NPC.prefab using Guid(328e8d686ee3fa848965fd5d2d3af222) Importer(815301076,1909f56bfc062723c751e8b465ee728b)  -> (artifact id: '608324dbcca40e033039bcd620de79c7') in 0.156278 seconds 
  Import took 0.162725 seconds .

========================================================================
Received Prepare
Registering precompiled user dll's ...
Registered in 0.003848 seconds.
Begin MonoManager ReloadAssembly
Symbol file LoadedFromMemory doesn't match image D:\Games\Repos\Github-Game-Off-2022-Cliche\Game Files\IBGWYN\Library\PackageCache\com.unity.visualscripting@1.7.8\Editor\VisualScripting.Core\Dependencies\YamlDotNet\Unity.VisualScripting.YamlDotNet.dll
Symbol file LoadedFromMemory doesn't match image D:\Games\Repos\Github-Game-Off-2022-Cliche\Game Files\IBGWYN\Library\PackageCache\com.unity.visualscripting@1.7.8\Editor\VisualScripting.Core\Dependencies\DotNetZip\Unity.VisualScripting.IonicZip.dll
Native extension for WindowsStandalone target not found
Native extension for OSXStandalone target not found
Native extension for WebGL target not found
Refreshing native plugins compatible for Editor in 0.65 ms, found 3 plugins.
Preloading 0 native plugins for Editor in 0.00 ms.
Mono: successfully reloaded assembly
- Completed reload, in  1.024 seconds
Domain Reload Profiling:
	ReloadAssembly (1024ms)
		BeginReloadAssembly (118ms)
			ExecutionOrderSort (0ms)
			DisableScriptedObjects (6ms)
			BackupInstance (0ms)
			ReleaseScriptingObjects (0ms)
			CreateAndSetChildDomain (34ms)
		EndReloadAssembly (854ms)
			LoadAssemblies (90ms)
			RebuildTransferFunctionScriptingTraits (0ms)
			SetupTypeCache (329ms)
			ReleaseScriptCaches (1ms)
			RebuildScriptCaches (39ms)
			SetupLoadedEditorAssemblies (273ms)
				LogAssemblyErrors (0ms)
				InitializePlatformSupportModulesInManaged (6ms)
				SetLoadedEditorAssemblies (0ms)
				RefreshPlugins (1ms)
				BeforeProcessingInitializeOnLoad (85ms)
				ProcessInitializeOnLoadAttributes (166ms)
				ProcessInitializeOnLoadMethodAttributes (9ms)
				AfterProcessingInitializeOnLoad (6ms)
				EditorAssembliesLoaded (0ms)
			ExecutionOrderSort2 (0ms)
			AwakeInstancesAfterBackupRestoration (16ms)
Platform modules already initialized, skipping
Refreshing native plugins compatible for Editor in 0.64 ms, found 3 plugins.
Preloading 0 native plugins for Editor in 0.00 ms.
Unloading 4324 Unused Serialized files (Serialized files now loaded: 0)
System memory in use before: 183.2 MB.
System memory in use after: 183.5 MB.

Unloading 17 unused Assets to reduce memory usage. Loaded Objects now: 5174.
Total: 3.827700 ms (FindLiveObjects: 0.386600 ms CreateObjectMapping: 0.226400 ms MarkObjects: 3.193300 ms  DeleteObjects: 0.020300 ms)

AssetImportParameters requested are different than current active one (requested -> active):
  custom:framework-win-MediaFoundation: 216162199b28c13a410421893ffa2e32 -> 
  custom:video-decoder-ogg-theora: a1e56fd34408186e4bbccfd4996cb3dc -> 
  custom:container-muxer-webm: aa71ff27fc2769a1b78a27578f13a17b -> 
  custom:container-demuxer-webm: 4f35f7cbe854078d1ac9338744f61a02 -> 
  custom:container-demuxer-ogg: 62fdf1f143b41e24485cea50d1cbac27 -> 
  custom:video-encoder-webm-vp8: eb34c28f22e8b96e1ab97ce403110664 -> 
  custom:video-decoder-webm-vp8: 9c59270c3fd7afecdb556c50c9e8de78 -> 
  custom:audio-decoder-ogg-vorbis: bf7c407c2cedff20999df2af8eb42d56 -> 
  custom:audio-encoder-webm-vorbis: bf7c407c2cedff20999df2af8eb42d56 -> 
========================================================================
Received Prepare
Registering precompiled user dll's ...
Registered in 0.003916 seconds.
Begin MonoManager ReloadAssembly
Symbol file LoadedFromMemory doesn't match image D:\Games\Repos\Github-Game-Off-2022-Cliche\Game Files\IBGWYN\Library\PackageCache\com.unity.visualscripting@1.7.8\Editor\VisualScripting.Core\Dependencies\YamlDotNet\Unity.VisualScripting.YamlDotNet.dll
Symbol file LoadedFromMemory doesn't match image D:\Games\Repos\Github-Game-Off-2022-Cliche\Game Files\IBGWYN\Library\PackageCache\com.unity.visualscripting@1.7.8\Editor\VisualScripting.Core\Dependencies\DotNetZip\Unity.VisualScripting.IonicZip.dll
Native extension for WindowsStandalone target not found
Native extension for OSXStandalone target not found
Native extension for WebGL target not found
Refreshing native plugins compatible for Editor in 0.73 ms, found 3 plugins.
Preloading 0 native plugins for Editor in 0.00 ms.
Mono: successfully reloaded assembly
- Completed reload, in  1.021 seconds
Domain Reload Profiling:
	ReloadAssembly (1021ms)
		BeginReloadAssembly (140ms)
			ExecutionOrderSort (0ms)
			DisableScriptedObjects (4ms)
			BackupInstance (0ms)
			ReleaseScriptingObjects (0ms)
			CreateAndSetChildDomain (55ms)
		EndReloadAssembly (825ms)
			LoadAssemblies (90ms)
			RebuildTransferFunctionScriptingTraits (0ms)
			SetupTypeCache (311ms)
			ReleaseScriptCaches (1ms)
			RebuildScriptCaches (38ms)
			SetupLoadedEditorAssemblies (271ms)
				LogAssemblyErrors (0ms)
				InitializePlatformSupportModulesInManaged (5ms)
				SetLoadedEditorAssemblies (0ms)
				RefreshPlugins (1ms)
				BeforeProcessingInitializeOnLoad (81ms)
				ProcessInitializeOnLoadAttributes (169ms)
				ProcessInitializeOnLoadMethodAttributes (8ms)
				AfterProcessingInitializeOnLoad (6ms)
				EditorAssembliesLoaded (0ms)
			ExecutionOrderSort2 (0ms)
			AwakeInstancesAfterBackupRestoration (16ms)
Platform modules already initialized, skipping
Refreshing native plugins compatible for Editor in 0.64 ms, found 3 plugins.
Preloading 0 native plugins for Editor in 0.00 ms.
Unloading 4324 Unused Serialized files (Serialized files now loaded: 0)
System memory in use before: 183.2 MB.
System memory in use after: 183.5 MB.

Unloading 17 unused Assets to reduce memory usage. Loaded Objects now: 5177.
Total: 3.550600 ms (FindLiveObjects: 0.396000 ms CreateObjectMapping: 0.221600 ms MarkObjects: 2.915100 ms  DeleteObjects: 0.016700 ms)

AssetImportParameters requested are different than current active one (requested -> active):
  custom:framework-win-MediaFoundation: 216162199b28c13a410421893ffa2e32 -> 
  custom:video-decoder-ogg-theora: a1e56fd34408186e4bbccfd4996cb3dc -> 
  custom:container-muxer-webm: aa71ff27fc2769a1b78a27578f13a17b -> 
  custom:container-demuxer-webm: 4f35f7cbe854078d1ac9338744f61a02 -> 
  custom:container-demuxer-ogg: 62fdf1f143b41e24485cea50d1cbac27 -> 
  custom:video-encoder-webm-vp8: eb34c28f22e8b96e1ab97ce403110664 -> 
  custom:video-decoder-webm-vp8: 9c59270c3fd7afecdb556c50c9e8de78 -> 
  custom:audio-decoder-ogg-vorbis: bf7c407c2cedff20999df2af8eb42d56 -> 
  custom:audio-encoder-webm-vorbis: bf7c407c2cedff20999df2af8eb42d56 -> 
========================================================================
Received Import Request.
  Time since last request: 122.278887 seconds.
  path: Assets/Models/NPC.prefab
  artifactKey: Guid(328e8d686ee3fa848965fd5d2d3af222) Importer(815301076,1909f56bfc062723c751e8b465ee728b)
Start importing Assets/Models/NPC.prefab using Guid(328e8d686ee3fa848965fd5d2d3af222) Importer(815301076,1909f56bfc062723c751e8b465ee728b)  -> (artifact id: '01a001acc7bec4a8bd8392d12b6deb59') in 0.165443 seconds 
  Import took 0.172228 seconds .

========================================================================
Received Prepare
Registering precompiled user dll's ...
Registered in 0.003742 seconds.
Begin MonoManager ReloadAssembly
Symbol file LoadedFromMemory doesn't match image D:\Games\Repos\Github-Game-Off-2022-Cliche\Game Files\IBGWYN\Library\PackageCache\com.unity.visualscripting@1.7.8\Editor\VisualScripting.Core\Dependencies\YamlDotNet\Unity.VisualScripting.YamlDotNet.dll
Symbol file LoadedFromMemory doesn't match image D:\Games\Repos\Github-Game-Off-2022-Cliche\Game Files\IBGWYN\Library\PackageCache\com.unity.visualscripting@1.7.8\Editor\VisualScripting.Core\Dependencies\DotNetZip\Unity.VisualScripting.IonicZip.dll
Native extension for WindowsStandalone target not found
Native extension for OSXStandalone target not found
Native extension for WebGL target not found
Refreshing native plugins compatible for Editor in 0.64 ms, found 3 plugins.
Preloading 0 native plugins for Editor in 0.00 ms.
Mono: successfully reloaded assembly
- Completed reload, in  1.030 seconds
Domain Reload Profiling:
	ReloadAssembly (1030ms)
		BeginReloadAssembly (105ms)
			ExecutionOrderSort (0ms)
			DisableScriptedObjects (6ms)
			BackupInstance (0ms)
			ReleaseScriptingObjects (0ms)
			CreateAndSetChildDomain (33ms)
		EndReloadAssembly (870ms)
			LoadAssemblies (88ms)
			RebuildTransferFunctionScriptingTraits (0ms)
			SetupTypeCache (343ms)
			ReleaseScriptCaches (1ms)
			RebuildScriptCaches (40ms)
			SetupLoadedEditorAssemblies (274ms)
				LogAssemblyErrors (0ms)
				InitializePlatformSupportModulesInManaged (6ms)
				SetLoadedEditorAssemblies (0ms)
				RefreshPlugins (1ms)
				BeforeProcessingInitializeOnLoad (85ms)
				ProcessInitializeOnLoadAttributes (168ms)
				ProcessInitializeOnLoadMethodAttributes (8ms)
				AfterProcessingInitializeOnLoad (6ms)
				EditorAssembliesLoaded (0ms)
			ExecutionOrderSort2 (0ms)
			AwakeInstancesAfterBackupRestoration (17ms)
Platform modules already initialized, skipping
Refreshing native plugins compatible for Editor in 0.70 ms, found 3 plugins.
Preloading 0 native plugins for Editor in 0.00 ms.
Unloading 4324 Unused Serialized files (Serialized files now loaded: 0)
System memory in use before: 183.4 MB.
System memory in use after: 183.6 MB.

Unloading 17 unused Assets to reduce memory usage. Loaded Objects now: 5216.
Total: 3.439500 ms (FindLiveObjects: 0.422300 ms CreateObjectMapping: 0.319000 ms MarkObjects: 2.682800 ms  DeleteObjects: 0.014300 ms)

AssetImportParameters requested are different than current active one (requested -> active):
  custom:framework-win-MediaFoundation: 216162199b28c13a410421893ffa2e32 -> 
  custom:video-decoder-ogg-theora: a1e56fd34408186e4bbccfd4996cb3dc -> 
  custom:container-muxer-webm: aa71ff27fc2769a1b78a27578f13a17b -> 
  custom:container-demuxer-webm: 4f35f7cbe854078d1ac9338744f61a02 -> 
  custom:container-demuxer-ogg: 62fdf1f143b41e24485cea50d1cbac27 -> 
  custom:video-encoder-webm-vp8: eb34c28f22e8b96e1ab97ce403110664 -> 
  custom:video-decoder-webm-vp8: 9c59270c3fd7afecdb556c50c9e8de78 -> 
  custom:audio-decoder-ogg-vorbis: bf7c407c2cedff20999df2af8eb42d56 -> 
  custom:audio-encoder-webm-vorbis: bf7c407c2cedff20999df2af8eb42d56 -> 
========================================================================
Received Import Request.
  Time since last request: 21.507833 seconds.
  path: Assets/Models/NPC.prefab
  artifactKey: Guid(328e8d686ee3fa848965fd5d2d3af222) Importer(815301076,1909f56bfc062723c751e8b465ee728b)
Start importing Assets/Models/NPC.prefab using Guid(328e8d686ee3fa848965fd5d2d3af222) Importer(815301076,1909f56bfc062723c751e8b465ee728b)  -> (artifact id: 'c3700550db341910902221f92fe2cf76') in 0.170896 seconds 
  Import took 0.178611 seconds .

========================================================================
Received Prepare
Registering precompiled user dll's ...
Registered in 0.005010 seconds.
Begin MonoManager ReloadAssembly
Symbol file LoadedFromMemory doesn't match image D:\Games\Repos\Github-Game-Off-2022-Cliche\Game Files\IBGWYN\Library\PackageCache\com.unity.visualscripting@1.7.8\Editor\VisualScripting.Core\Dependencies\YamlDotNet\Unity.VisualScripting.YamlDotNet.dll
Symbol file LoadedFromMemory doesn't match image D:\Games\Repos\Github-Game-Off-2022-Cliche\Game Files\IBGWYN\Library\PackageCache\com.unity.visualscripting@1.7.8\Editor\VisualScripting.Core\Dependencies\DotNetZip\Unity.VisualScripting.IonicZip.dll
Native extension for WindowsStandalone target not found
Native extension for OSXStandalone target not found
Native extension for WebGL target not found
Refreshing native plugins compatible for Editor in 0.97 ms, found 3 plugins.
Preloading 0 native plugins for Editor in 0.00 ms.
Mono: successfully reloaded assembly
- Completed reload, in  1.362 seconds
Domain Reload Profiling:
	ReloadAssembly (1363ms)
		BeginReloadAssembly (145ms)
			ExecutionOrderSort (0ms)
			DisableScriptedObjects (8ms)
			BackupInstance (0ms)
			ReleaseScriptingObjects (0ms)
			CreateAndSetChildDomain (46ms)
		EndReloadAssembly (1122ms)
			LoadAssemblies (134ms)
			RebuildTransferFunctionScriptingTraits (0ms)
			SetupTypeCache (418ms)
			ReleaseScriptCaches (2ms)
			RebuildScriptCaches (51ms)
			SetupLoadedEditorAssemblies (353ms)
				LogAssemblyErrors (0ms)
				InitializePlatformSupportModulesInManaged (8ms)
				SetLoadedEditorAssemblies (0ms)
				RefreshPlugins (1ms)
				BeforeProcessingInitializeOnLoad (107ms)
				ProcessInitializeOnLoadAttributes (219ms)
				ProcessInitializeOnLoadMethodAttributes (11ms)
				AfterProcessingInitializeOnLoad (7ms)
				EditorAssembliesLoaded (1ms)
			ExecutionOrderSort2 (0ms)
			AwakeInstancesAfterBackupRestoration (23ms)
Platform modules already initialized, skipping
Refreshing native plugins compatible for Editor in 1.31 ms, found 3 plugins.
Preloading 0 native plugins for Editor in 0.00 ms.
Unloading 4324 Unused Serialized files (Serialized files now loaded: 0)
System memory in use before: 183.5 MB.
System memory in use after: 183.8 MB.

Unloading 17 unused Assets to reduce memory usage. Loaded Objects now: 5255.
Total: 5.425600 ms (FindLiveObjects: 0.703700 ms CreateObjectMapping: 0.768700 ms MarkObjects: 3.931200 ms  DeleteObjects: 0.020800 ms)

AssetImportParameters requested are different than current active one (requested -> active):
  custom:framework-win-MediaFoundation: 216162199b28c13a410421893ffa2e32 -> 
  custom:video-decoder-ogg-theora: a1e56fd34408186e4bbccfd4996cb3dc -> 
  custom:container-muxer-webm: aa71ff27fc2769a1b78a27578f13a17b -> 
  custom:container-demuxer-webm: 4f35f7cbe854078d1ac9338744f61a02 -> 
  custom:container-demuxer-ogg: 62fdf1f143b41e24485cea50d1cbac27 -> 
  custom:video-encoder-webm-vp8: eb34c28f22e8b96e1ab97ce403110664 -> 
  custom:video-decoder-webm-vp8: 9c59270c3fd7afecdb556c50c9e8de78 -> 
  custom:audio-decoder-ogg-vorbis: bf7c407c2cedff20999df2af8eb42d56 -> 
  custom:audio-encoder-webm-vorbis: bf7c407c2cedff20999df2af8eb42d56 -> 
AssetImportWorkerClient::OnTransportError - code=2 error=End of file
